<?xml version="1.0" encoding="UTF-8"?>
<!-- Generated by org.testng.reporters.JUnitReportReporter -->
<testsuite hostname="DESKTOP-61BCJDC" failures="0" tests="2" name="TestNg.Test1" time="76.405" errors="0" timestamp="22 Jun 2022 16:24:26 GMT" skipped="0">
  <testcase classname="TestNg.Test1" name="zeroth" time="24.214"/>
  <testcase classname="TestNg.Test1" name="velocitylogin" time="52.191"/>
</testsuite> <!-- TestNg.Test1 -->
